Arguments: 
  /usr/local/Cellar/node/10.0.0/bin/node /usr/local/Cellar/yarn/1.6.0/libexec/bin/yarn.js install

PATH: 
  /Users/juangomez/.rvm/gems/ruby-2.5.0/bin:/Users/juangomez/.rvm/gems/ruby-2.5.0@global/bin:/Users/juangomez/.rvm/rubies/ruby-2.5.0/bin:/usr/local/bin:/usr/bin:/bin:/usr/sbin:/sbin:/Applications/Postgres.app/Contents/Versions/latest/bin:/Users/juangomez/.rvm/bin

Yarn version: 
  1.6.0

Node version: 
  10.0.0

Platform: 
  darwin x64

Trace: 
  Error: https://registry.yarnpkg.com/prop-types: Request "https://registry.yarnpkg.com/prop-types" returned a 403
      at Request.params.callback [as _callback] (/usr/local/Cellar/yarn/1.6.0/libexec/lib/cli.js:65333:18)
      at Request.self.callback (/usr/local/Cellar/yarn/1.6.0/libexec/lib/cli.js:133155:22)
      at Request.emit (events.js:182:13)
      at Request.<anonymous> (/usr/local/Cellar/yarn/1.6.0/libexec/lib/cli.js:134138:10)
      at Request.emit (events.js:182:13)
      at Gunzip.<anonymous> (/usr/local/Cellar/yarn/1.6.0/libexec/lib/cli.js:134058:12)
      at Object.onceWrapper (events.js:275:13)
      at Gunzip.emit (events.js:187:15)
      at endReadableNT (_stream_readable.js:1091:14)
      at process._tickCallback (internal/process/next_tick.js:174:19)

npm manifest: 
  {
    "dependencies": {
      "prop-types": "^15.6.1",
      "react": "^16.3.2",
      "react-dom": "^16.3.2"
    },
    "devDependencies": {
      "react-scripts": "1.1.4"
    },
    "scripts": {
      "start": "react-scripts start",
      "build": "react-scripts build",
      "test": "react-scripts test --env=jsdom",
      "eject": "react-scripts eject"
    }
  }

yarn manifest: 
  No manifest

Lockfile: 
  No lockfile
